2016-10-01 13:53:16.004 [main] DEBUG fr.natation.Launcher - Start
2016-10-01 18:09:25.560 [main] DEBUG fr.natation.Launcher - Start
2016-10-01 18:19:25.211 [main] DEBUG fr.natation.Launcher - Start
2016-10-01 18:33:12.419 [main] DEBUG fr.natation.Launcher - Start
2016-10-01 18:33:47.113 [main] DEBUG fr.natation.Launcher - Start
2016-10-01 18:33:54.063 [main] DEBUG fr.natation.Launcher - Start
2016-10-01 18:34:04.649 [main] DEBUG fr.natation.Launcher - Start
2016-10-01 18:34:17.100 [AWT-EventQueue-0] ERROR fr.natation.view.EleveAddPanel - L'ajout a échoué
java.lang.Exception: getAll() failed
	at fr.natation.service.EleveService.getAll(EleveService.java:58) ~[bin/:?]
	at fr.natation.view.EleveListPanel.refresh(EleveListPanel.java:22) ~[bin/:?]
	at fr.natation.view.EleveAddPanel.onAddButton(EleveAddPanel.java:112) [bin/:?]
	at fr.natation.view.EleveAddPanel$1.actionPerformed(EleveAddPanel.java:80) [bin/:?]
	at javax.swing.AbstractButton.fireActionPerformed(Unknown Source) [?:1.7.0_15]
	at javax.swing.AbstractButton$Handler.actionPerformed(Unknown Source) [?:1.7.0_15]
	at javax.swing.DefaultButtonModel.fireActionPerformed(Unknown Source) [?:1.7.0_15]
	at javax.swing.DefaultButtonModel.setPressed(Unknown Source) [?:1.7.0_15]
	at javax.swing.plaf.basic.BasicButtonListener.mouseReleased(Unknown Source) [?:1.7.0_15]
	at java.awt.Component.processMouseEvent(Unknown Source) [?:1.7.0_15]
	at javax.swing.JComponent.processMouseEvent(Unknown Source) [?:1.7.0_15]
	at java.awt.Component.processEvent(Unknown Source) [?:1.7.0_15]
	at java.awt.Container.processEvent(Unknown Source) [?:1.7.0_15]
	at java.awt.Component.dispatchEventImpl(Unknown Source) [?:1.7.0_15]
	at java.awt.Container.dispatchEventImpl(Unknown Source) [?:1.7.0_15]
	at java.awt.Component.dispatchEvent(Unknown Source) [?:1.7.0_15]
	at java.awt.LightweightDispatcher.retargetMouseEvent(Unknown Source) [?:1.7.0_15]
	at java.awt.LightweightDispatcher.processMouseEvent(Unknown Source) [?:1.7.0_15]
	at java.awt.LightweightDispatcher.dispatchEvent(Unknown Source) [?:1.7.0_15]
	at java.awt.Container.dispatchEventImpl(Unknown Source) [?:1.7.0_15]
	at java.awt.Window.dispatchEventImpl(Unknown Source) [?:1.7.0_15]
	at java.awt.Component.dispatchEvent(Unknown Source) [?:1.7.0_15]
	at java.awt.EventQueue.dispatchEventImpl(Unknown Source) [?:1.7.0_15]
	at java.awt.EventQueue.access$200(Unknown Source) [?:1.7.0_15]
	at java.awt.EventQueue$3.run(Unknown Source) [?:1.7.0_15]
	at java.awt.EventQueue$3.run(Unknown Source) [?:1.7.0_15]
	at java.security.AccessController.doPrivileged(Native Method) ~[?:1.7.0_15]
	at java.security.ProtectionDomain$1.doIntersectionPrivilege(Unknown Source) [?:1.7.0_15]
	at java.security.ProtectionDomain$1.doIntersectionPrivilege(Unknown Source) [?:1.7.0_15]
	at java.awt.EventQueue$4.run(Unknown Source) [?:1.7.0_15]
	at java.awt.EventQueue$4.run(Unknown Source) [?:1.7.0_15]
	at java.security.AccessController.doPrivileged(Native Method) ~[?:1.7.0_15]
	at java.security.ProtectionDomain$1.doIntersectionPrivilege(Unknown Source) [?:1.7.0_15]
	at java.awt.EventQueue.dispatchEvent(Unknown Source) [?:1.7.0_15]
	at java.awt.EventDispatchThread.pumpOneEventForFilters(Unknown Source) [?:1.7.0_15]
	at java.awt.EventDispatchThread.pumpEventsForFilter(Unknown Source) [?:1.7.0_15]
	at java.awt.EventDispatchThread.pumpEventsForHierarchy(Unknown Source) [?:1.7.0_15]
	at java.awt.EventDispatchThread.pumpEvents(Unknown Source) [?:1.7.0_15]
	at java.awt.EventDispatchThread.pumpEvents(Unknown Source) [?:1.7.0_15]
	at java.awt.EventDispatchThread.run(Unknown Source) [?:1.7.0_15]
Caused by: java.sql.SQLException: no such column: 'GroupeId'
	at org.sqlite.jdbc3.JDBC3ResultSet.findColumn(JDBC3ResultSet.java:48) ~[sqlite-jdbc-3.14.2.jar:?]
	at org.sqlite.jdbc3.JDBC3ResultSet.getInt(JDBC3ResultSet.java:401) ~[sqlite-jdbc-3.14.2.jar:?]
	at fr.natation.service.EleveService.convert(EleveService.java:88) ~[bin/:?]
	at fr.natation.service.EleveService.getAll(EleveService.java:54) ~[bin/:?]
	... 39 more
2016-10-01 18:34:29.813 [main] DEBUG fr.natation.Launcher - Start
2016-10-01 18:34:38.036 [main] DEBUG fr.natation.Launcher - Start
2016-10-01 18:35:22.124 [main] DEBUG fr.natation.Launcher - Start
2016-10-01 18:36:40.980 [main] DEBUG fr.natation.Launcher - Start
2016-10-01 18:36:56.124 [main] DEBUG fr.natation.Launcher - Start
2016-10-01 19:13:00.141 [main] DEBUG fr.natation.Launcher - Start
2016-10-01 20:18:49.799 [main] DEBUG fr.natation.Launcher - Start
2016-10-01 20:19:44.119 [main] DEBUG fr.natation.Launcher - Start
2016-10-01 20:22:31.994 [main] DEBUG fr.natation.Launcher - Start
2016-10-01 20:26:25.060 [main] DEBUG fr.natation.Launcher - Start
2016-10-01 20:26:52.145 [main] DEBUG fr.natation.Launcher - Start
2016-10-01 20:27:06.629 [main] DEBUG fr.natation.Launcher - Start
2016-10-01 20:29:55.894 [main] DEBUG fr.natation.Launcher - Start
2016-10-01 20:39:52.908 [main] DEBUG fr.natation.Launcher - Start
2016-10-01 20:40:52.502 [main] DEBUG fr.natation.Launcher - Start
2016-10-01 20:42:30.940 [main] DEBUG fr.natation.Launcher - Start
2016-10-01 20:43:10.980 [main] DEBUG fr.natation.Launcher - Start
2016-10-01 20:44:41.723 [main] DEBUG fr.natation.Launcher - Start
2016-10-01 20:45:09.140 [main] DEBUG fr.natation.Launcher - Start
2016-10-01 20:47:14.114 [main] DEBUG fr.natation.Launcher - Start
2016-10-01 20:50:59.152 [main] DEBUG fr.natation.Launcher - Start
2016-10-01 20:51:56.853 [main] DEBUG fr.natation.Launcher - Start
2016-10-01 20:52:54.327 [main] DEBUG fr.natation.Launcher - Start
2016-10-01 20:53:44.572 [main] DEBUG fr.natation.Launcher - Start
2016-10-01 21:05:46.556 [main] DEBUG fr.natation.Launcher - Start
2016-10-01 21:06:33.944 [main] DEBUG fr.natation.Launcher - Start
2016-10-01 21:07:25.301 [main] DEBUG fr.natation.Launcher - Start
2016-10-01 21:15:40.975 [main] DEBUG fr.natation.Launcher - Start
2016-10-01 21:28:26.581 [main] DEBUG fr.natation.Launcher - Start
2016-10-01 21:28:37.128 [main] DEBUG fr.natation.Launcher - Start
2016-10-01 21:29:12.135 [main] DEBUG fr.natation.Launcher - Start
2016-10-01 21:30:44.861 [main] DEBUG fr.natation.Launcher - Start
2016-10-01 21:31:55.331 [main] DEBUG fr.natation.Launcher - Start
2016-10-01 21:32:39.403 [main] DEBUG fr.natation.Launcher - Start
2016-10-01 21:33:33.947 [main] DEBUG fr.natation.Launcher - Start
2016-10-01 21:34:20.096 [main] DEBUG fr.natation.Launcher - Start
2016-10-01 21:34:36.056 [main] DEBUG fr.natation.Launcher - Start
2016-10-01 21:35:33.204 [main] DEBUG fr.natation.Launcher - Start
2016-10-01 21:42:41.074 [main] DEBUG fr.natation.Launcher - Start
2016-10-01 21:43:11.219 [main] DEBUG fr.natation.Launcher - Start
2016-10-01 21:43:16.369 [AWT-EventQueue-0] ERROR fr.natation.view.EleveTableModel - La mise à jour a échouée
java.lang.Exception: update(!fr.natation.model.Eleve
id: 1
nom: Bob
prenom: Leponge
) failed
	at fr.natation.service.EleveService.update(EleveService.java:76) ~[bin/:?]
	at fr.natation.view.EleveTableModel.setValueAt(EleveTableModel.java:79) [bin/:?]
	at javax.swing.JTable.setValueAt(Unknown Source) [?:1.7.0_15]
	at javax.swing.JTable.editingStopped(Unknown Source) [?:1.7.0_15]
	at javax.swing.AbstractCellEditor.fireEditingStopped(Unknown Source) [?:1.7.0_15]
	at fr.natation.view.ButtonColumn.actionPerformed(ButtonColumn.java:206) [bin/:?]
	at javax.swing.AbstractButton.fireActionPerformed(Unknown Source) [?:1.7.0_15]
	at javax.swing.AbstractButton$Handler.actionPerformed(Unknown Source) [?:1.7.0_15]
	at javax.swing.DefaultButtonModel.fireActionPerformed(Unknown Source) [?:1.7.0_15]
	at javax.swing.DefaultButtonModel.setPressed(Unknown Source) [?:1.7.0_15]
	at javax.swing.plaf.basic.BasicButtonListener.mouseReleased(Unknown Source) [?:1.7.0_15]
	at java.awt.Component.processMouseEvent(Unknown Source) [?:1.7.0_15]
	at javax.swing.JComponent.processMouseEvent(Unknown Source) [?:1.7.0_15]
	at java.awt.Component.processEvent(Unknown Source) [?:1.7.0_15]
	at java.awt.Container.processEvent(Unknown Source) [?:1.7.0_15]
	at java.awt.Component.dispatchEventImpl(Unknown Source) [?:1.7.0_15]
	at java.awt.Container.dispatchEventImpl(Unknown Source) [?:1.7.0_15]
	at java.awt.Component.dispatchEvent(Unknown Source) [?:1.7.0_15]
	at javax.swing.plaf.basic.BasicTableUI$Handler.repostEvent(Unknown Source) [?:1.7.0_15]
	at javax.swing.plaf.basic.BasicTableUI$Handler.mouseReleased(Unknown Source) [?:1.7.0_15]
	at java.awt.AWTEventMulticaster.mouseReleased(Unknown Source) [?:1.7.0_15]
	at java.awt.AWTEventMulticaster.mouseReleased(Unknown Source) [?:1.7.0_15]
	at java.awt.Component.processMouseEvent(Unknown Source) [?:1.7.0_15]
	at javax.swing.JComponent.processMouseEvent(Unknown Source) [?:1.7.0_15]
	at java.awt.Component.processEvent(Unknown Source) [?:1.7.0_15]
	at java.awt.Container.processEvent(Unknown Source) [?:1.7.0_15]
	at java.awt.Component.dispatchEventImpl(Unknown Source) [?:1.7.0_15]
	at java.awt.Container.dispatchEventImpl(Unknown Source) [?:1.7.0_15]
	at java.awt.Component.dispatchEvent(Unknown Source) [?:1.7.0_15]
	at java.awt.LightweightDispatcher.retargetMouseEvent(Unknown Source) [?:1.7.0_15]
	at java.awt.LightweightDispatcher.processMouseEvent(Unknown Source) [?:1.7.0_15]
	at java.awt.LightweightDispatcher.dispatchEvent(Unknown Source) [?:1.7.0_15]
	at java.awt.Container.dispatchEventImpl(Unknown Source) [?:1.7.0_15]
	at java.awt.Window.dispatchEventImpl(Unknown Source) [?:1.7.0_15]
	at java.awt.Component.dispatchEvent(Unknown Source) [?:1.7.0_15]
	at java.awt.EventQueue.dispatchEventImpl(Unknown Source) [?:1.7.0_15]
	at java.awt.EventQueue.access$200(Unknown Source) [?:1.7.0_15]
	at java.awt.EventQueue$3.run(Unknown Source) [?:1.7.0_15]
	at java.awt.EventQueue$3.run(Unknown Source) [?:1.7.0_15]
	at java.security.AccessController.doPrivileged(Native Method) ~[?:1.7.0_15]
	at java.security.ProtectionDomain$1.doIntersectionPrivilege(Unknown Source) [?:1.7.0_15]
	at java.security.ProtectionDomain$1.doIntersectionPrivilege(Unknown Source) [?:1.7.0_15]
	at java.awt.EventQueue$4.run(Unknown Source) [?:1.7.0_15]
	at java.awt.EventQueue$4.run(Unknown Source) [?:1.7.0_15]
	at java.security.AccessController.doPrivileged(Native Method) ~[?:1.7.0_15]
	at java.security.ProtectionDomain$1.doIntersectionPrivilege(Unknown Source) [?:1.7.0_15]
	at java.awt.EventQueue.dispatchEvent(Unknown Source) [?:1.7.0_15]
	at java.awt.EventDispatchThread.pumpOneEventForFilters(Unknown Source) [?:1.7.0_15]
	at java.awt.EventDispatchThread.pumpEventsForFilter(Unknown Source) [?:1.7.0_15]
	at java.awt.EventDispatchThread.pumpEventsForHierarchy(Unknown Source) [?:1.7.0_15]
	at java.awt.EventDispatchThread.pumpEvents(Unknown Source) [?:1.7.0_15]
	at java.awt.EventDispatchThread.pumpEvents(Unknown Source) [?:1.7.0_15]
	at java.awt.EventDispatchThread.run(Unknown Source) [?:1.7.0_15]
Caused by: org.sqlite.SQLiteException: [SQLITE_ERROR] SQL error or missing database (no such column: groupe)
	at org.sqlite.core.DB.newSQLException(DB.java:918) ~[sqlite-jdbc-3.14.2.jar:?]
	at org.sqlite.core.DB.newSQLException(DB.java:930) ~[sqlite-jdbc-3.14.2.jar:?]
	at org.sqlite.core.DB.throwex(DB.java:895) ~[sqlite-jdbc-3.14.2.jar:?]
	at org.sqlite.core.NativeDB.prepare(Native Method) ~[sqlite-jdbc-3.14.2.jar:?]
	at org.sqlite.core.DB.prepare(DB.java:227) ~[sqlite-jdbc-3.14.2.jar:?]
	at org.sqlite.core.CorePreparedStatement.<init>(CorePreparedStatement.java:41) ~[sqlite-jdbc-3.14.2.jar:?]
	at org.sqlite.jdbc3.JDBC3PreparedStatement.<init>(JDBC3PreparedStatement.java:30) ~[sqlite-jdbc-3.14.2.jar:?]
	at org.sqlite.jdbc4.JDBC4PreparedStatement.<init>(JDBC4PreparedStatement.java:19) ~[sqlite-jdbc-3.14.2.jar:?]
	at org.sqlite.jdbc4.JDBC4Connection.prepareStatement(JDBC4Connection.java:48) ~[sqlite-jdbc-3.14.2.jar:?]
	at org.sqlite.jdbc3.JDBC3Connection.prepareStatement(JDBC3Connection.java:254) ~[sqlite-jdbc-3.14.2.jar:?]
	at org.sqlite.jdbc3.JDBC3Connection.prepareStatement(JDBC3Connection.java:226) ~[sqlite-jdbc-3.14.2.jar:?]
	at fr.natation.service.EleveService.update(EleveService.java:68) ~[bin/:?]
	... 52 more
2016-10-01 21:43:19.716 [AWT-EventQueue-0] ERROR fr.natation.view.EleveTableModel - La mise à jour a échouée
java.lang.Exception: update(!fr.natation.model.Eleve
id: 1
nom: Bob
prenom: Leponge
) failed
	at fr.natation.service.EleveService.update(EleveService.java:76) ~[bin/:?]
	at fr.natation.view.EleveTableModel.setValueAt(EleveTableModel.java:79) [bin/:?]
	at javax.swing.JTable.setValueAt(Unknown Source) [?:1.7.0_15]
	at javax.swing.JTable.editingStopped(Unknown Source) [?:1.7.0_15]
	at javax.swing.AbstractCellEditor.fireEditingStopped(Unknown Source) [?:1.7.0_15]
	at fr.natation.view.ButtonColumn.actionPerformed(ButtonColumn.java:206) [bin/:?]
	at javax.swing.AbstractButton.fireActionPerformed(Unknown Source) [?:1.7.0_15]
	at javax.swing.AbstractButton$Handler.actionPerformed(Unknown Source) [?:1.7.0_15]
	at javax.swing.DefaultButtonModel.fireActionPerformed(Unknown Source) [?:1.7.0_15]
	at javax.swing.DefaultButtonModel.setPressed(Unknown Source) [?:1.7.0_15]
	at javax.swing.plaf.basic.BasicButtonListener.mouseReleased(Unknown Source) [?:1.7.0_15]
	at java.awt.Component.processMouseEvent(Unknown Source) [?:1.7.0_15]
	at javax.swing.JComponent.processMouseEvent(Unknown Source) [?:1.7.0_15]
	at java.awt.Component.processEvent(Unknown Source) [?:1.7.0_15]
	at java.awt.Container.processEvent(Unknown Source) [?:1.7.0_15]
	at java.awt.Component.dispatchEventImpl(Unknown Source) [?:1.7.0_15]
	at java.awt.Container.dispatchEventImpl(Unknown Source) [?:1.7.0_15]
	at java.awt.Component.dispatchEvent(Unknown Source) [?:1.7.0_15]
	at javax.swing.plaf.basic.BasicTableUI$Handler.repostEvent(Unknown Source) [?:1.7.0_15]
	at javax.swing.plaf.basic.BasicTableUI$Handler.mouseReleased(Unknown Source) [?:1.7.0_15]
	at java.awt.AWTEventMulticaster.mouseReleased(Unknown Source) [?:1.7.0_15]
	at java.awt.AWTEventMulticaster.mouseReleased(Unknown Source) [?:1.7.0_15]
	at java.awt.Component.processMouseEvent(Unknown Source) [?:1.7.0_15]
	at javax.swing.JComponent.processMouseEvent(Unknown Source) [?:1.7.0_15]
	at java.awt.Component.processEvent(Unknown Source) [?:1.7.0_15]
	at java.awt.Container.processEvent(Unknown Source) [?:1.7.0_15]
	at java.awt.Component.dispatchEventImpl(Unknown Source) [?:1.7.0_15]
	at java.awt.Container.dispatchEventImpl(Unknown Source) [?:1.7.0_15]
	at java.awt.Component.dispatchEvent(Unknown Source) [?:1.7.0_15]
	at java.awt.LightweightDispatcher.retargetMouseEvent(Unknown Source) [?:1.7.0_15]
	at java.awt.LightweightDispatcher.processMouseEvent(Unknown Source) [?:1.7.0_15]
	at java.awt.LightweightDispatcher.dispatchEvent(Unknown Source) [?:1.7.0_15]
	at java.awt.Container.dispatchEventImpl(Unknown Source) [?:1.7.0_15]
	at java.awt.Window.dispatchEventImpl(Unknown Source) [?:1.7.0_15]
	at java.awt.Component.dispatchEvent(Unknown Source) [?:1.7.0_15]
	at java.awt.EventQueue.dispatchEventImpl(Unknown Source) [?:1.7.0_15]
	at java.awt.EventQueue.access$200(Unknown Source) [?:1.7.0_15]
	at java.awt.EventQueue$3.run(Unknown Source) [?:1.7.0_15]
	at java.awt.EventQueue$3.run(Unknown Source) [?:1.7.0_15]
	at java.security.AccessController.doPrivileged(Native Method) ~[?:1.7.0_15]
	at java.security.ProtectionDomain$1.doIntersectionPrivilege(Unknown Source) [?:1.7.0_15]
	at java.security.ProtectionDomain$1.doIntersectionPrivilege(Unknown Source) [?:1.7.0_15]
	at java.awt.EventQueue$4.run(Unknown Source) [?:1.7.0_15]
	at java.awt.EventQueue$4.run(Unknown Source) [?:1.7.0_15]
	at java.security.AccessController.doPrivileged(Native Method) ~[?:1.7.0_15]
	at java.security.ProtectionDomain$1.doIntersectionPrivilege(Unknown Source) [?:1.7.0_15]
	at java.awt.EventQueue.dispatchEvent(Unknown Source) [?:1.7.0_15]
	at java.awt.EventDispatchThread.pumpOneEventForFilters(Unknown Source) [?:1.7.0_15]
	at java.awt.EventDispatchThread.pumpEventsForFilter(Unknown Source) [?:1.7.0_15]
	at java.awt.EventDispatchThread.pumpEventsForHierarchy(Unknown Source) [?:1.7.0_15]
	at java.awt.EventDispatchThread.pumpEvents(Unknown Source) [?:1.7.0_15]
	at java.awt.EventDispatchThread.pumpEvents(Unknown Source) [?:1.7.0_15]
	at java.awt.EventDispatchThread.run(Unknown Source) [?:1.7.0_15]
Caused by: org.sqlite.SQLiteException: [SQLITE_ERROR] SQL error or missing database (no such column: groupe)
	at org.sqlite.core.DB.newSQLException(DB.java:918) ~[sqlite-jdbc-3.14.2.jar:?]
	at org.sqlite.core.DB.newSQLException(DB.java:930) ~[sqlite-jdbc-3.14.2.jar:?]
	at org.sqlite.core.DB.throwex(DB.java:895) ~[sqlite-jdbc-3.14.2.jar:?]
	at org.sqlite.core.NativeDB.prepare(Native Method) ~[sqlite-jdbc-3.14.2.jar:?]
	at org.sqlite.core.DB.prepare(DB.java:227) ~[sqlite-jdbc-3.14.2.jar:?]
	at org.sqlite.core.CorePreparedStatement.<init>(CorePreparedStatement.java:41) ~[sqlite-jdbc-3.14.2.jar:?]
	at org.sqlite.jdbc3.JDBC3PreparedStatement.<init>(JDBC3PreparedStatement.java:30) ~[sqlite-jdbc-3.14.2.jar:?]
	at org.sqlite.jdbc4.JDBC4PreparedStatement.<init>(JDBC4PreparedStatement.java:19) ~[sqlite-jdbc-3.14.2.jar:?]
	at org.sqlite.jdbc4.JDBC4Connection.prepareStatement(JDBC4Connection.java:48) ~[sqlite-jdbc-3.14.2.jar:?]
	at org.sqlite.jdbc3.JDBC3Connection.prepareStatement(JDBC3Connection.java:254) ~[sqlite-jdbc-3.14.2.jar:?]
	at org.sqlite.jdbc3.JDBC3Connection.prepareStatement(JDBC3Connection.java:226) ~[sqlite-jdbc-3.14.2.jar:?]
	at fr.natation.service.EleveService.update(EleveService.java:68) ~[bin/:?]
	... 52 more
2016-10-01 21:43:46.603 [main] DEBUG fr.natation.Launcher - Start
2016-10-01 21:44:07.170 [main] DEBUG fr.natation.Launcher - Start
2016-10-01 21:45:33.389 [main] DEBUG fr.natation.Launcher - Start
2016-10-01 21:46:31.192 [main] DEBUG fr.natation.Launcher - Start
2016-10-01 21:47:14.927 [main] DEBUG fr.natation.Launcher - Start
2016-10-01 21:47:19.287 [AWT-EventQueue-0] ERROR fr.natation.view.EleveTableModel - La mise à jour a échouée
java.lang.Exception: update(!fr.natation.model.Eleve
id: 1
nom: Bob
prenom: Leponge
) failed
	at fr.natation.service.EleveService.update(EleveService.java:76) ~[bin/:?]
	at fr.natation.view.EleveTableModel.setValueAt(EleveTableModel.java:81) [bin/:?]
	at javax.swing.JTable.setValueAt(Unknown Source) [?:1.7.0_15]
	at javax.swing.JTable.editingStopped(Unknown Source) [?:1.7.0_15]
	at javax.swing.AbstractCellEditor.fireEditingStopped(Unknown Source) [?:1.7.0_15]
	at fr.natation.view.ButtonColumn.actionPerformed(ButtonColumn.java:206) [bin/:?]
	at javax.swing.AbstractButton.fireActionPerformed(Unknown Source) [?:1.7.0_15]
	at javax.swing.AbstractButton$Handler.actionPerformed(Unknown Source) [?:1.7.0_15]
	at javax.swing.DefaultButtonModel.fireActionPerformed(Unknown Source) [?:1.7.0_15]
	at javax.swing.DefaultButtonModel.setPressed(Unknown Source) [?:1.7.0_15]
	at javax.swing.plaf.basic.BasicButtonListener.mouseReleased(Unknown Source) [?:1.7.0_15]
	at java.awt.Component.processMouseEvent(Unknown Source) [?:1.7.0_15]
	at javax.swing.JComponent.processMouseEvent(Unknown Source) [?:1.7.0_15]
	at java.awt.Component.processEvent(Unknown Source) [?:1.7.0_15]
	at java.awt.Container.processEvent(Unknown Source) [?:1.7.0_15]
	at java.awt.Component.dispatchEventImpl(Unknown Source) [?:1.7.0_15]
	at java.awt.Container.dispatchEventImpl(Unknown Source) [?:1.7.0_15]
	at java.awt.Component.dispatchEvent(Unknown Source) [?:1.7.0_15]
	at javax.swing.plaf.basic.BasicTableUI$Handler.repostEvent(Unknown Source) [?:1.7.0_15]
	at javax.swing.plaf.basic.BasicTableUI$Handler.mouseReleased(Unknown Source) [?:1.7.0_15]
	at java.awt.AWTEventMulticaster.mouseReleased(Unknown Source) [?:1.7.0_15]
	at java.awt.AWTEventMulticaster.mouseReleased(Unknown Source) [?:1.7.0_15]
	at java.awt.Component.processMouseEvent(Unknown Source) [?:1.7.0_15]
	at javax.swing.JComponent.processMouseEvent(Unknown Source) [?:1.7.0_15]
	at java.awt.Component.processEvent(Unknown Source) [?:1.7.0_15]
	at java.awt.Container.processEvent(Unknown Source) [?:1.7.0_15]
	at java.awt.Component.dispatchEventImpl(Unknown Source) [?:1.7.0_15]
	at java.awt.Container.dispatchEventImpl(Unknown Source) [?:1.7.0_15]
	at java.awt.Component.dispatchEvent(Unknown Source) [?:1.7.0_15]
	at java.awt.LightweightDispatcher.retargetMouseEvent(Unknown Source) [?:1.7.0_15]
	at java.awt.LightweightDispatcher.processMouseEvent(Unknown Source) [?:1.7.0_15]
	at java.awt.LightweightDispatcher.dispatchEvent(Unknown Source) [?:1.7.0_15]
	at java.awt.Container.dispatchEventImpl(Unknown Source) [?:1.7.0_15]
	at java.awt.Window.dispatchEventImpl(Unknown Source) [?:1.7.0_15]
	at java.awt.Component.dispatchEvent(Unknown Source) [?:1.7.0_15]
	at java.awt.EventQueue.dispatchEventImpl(Unknown Source) [?:1.7.0_15]
	at java.awt.EventQueue.access$200(Unknown Source) [?:1.7.0_15]
	at java.awt.EventQueue$3.run(Unknown Source) [?:1.7.0_15]
	at java.awt.EventQueue$3.run(Unknown Source) [?:1.7.0_15]
	at java.security.AccessController.doPrivileged(Native Method) ~[?:1.7.0_15]
	at java.security.ProtectionDomain$1.doIntersectionPrivilege(Unknown Source) [?:1.7.0_15]
	at java.security.ProtectionDomain$1.doIntersectionPrivilege(Unknown Source) [?:1.7.0_15]
	at java.awt.EventQueue$4.run(Unknown Source) [?:1.7.0_15]
	at java.awt.EventQueue$4.run(Unknown Source) [?:1.7.0_15]
	at java.security.AccessController.doPrivileged(Native Method) ~[?:1.7.0_15]
	at java.security.ProtectionDomain$1.doIntersectionPrivilege(Unknown Source) [?:1.7.0_15]
	at java.awt.EventQueue.dispatchEvent(Unknown Source) [?:1.7.0_15]
	at java.awt.EventDispatchThread.pumpOneEventForFilters(Unknown Source) [?:1.7.0_15]
	at java.awt.EventDispatchThread.pumpEventsForFilter(Unknown Source) [?:1.7.0_15]
	at java.awt.EventDispatchThread.pumpEventsForHierarchy(Unknown Source) [?:1.7.0_15]
	at java.awt.EventDispatchThread.pumpEvents(Unknown Source) [?:1.7.0_15]
	at java.awt.EventDispatchThread.pumpEvents(Unknown Source) [?:1.7.0_15]
	at java.awt.EventDispatchThread.run(Unknown Source) [?:1.7.0_15]
Caused by: org.sqlite.SQLiteException: [SQLITE_ERROR] SQL error or missing database (no such column: groupe)
	at org.sqlite.core.DB.newSQLException(DB.java:918) ~[sqlite-jdbc-3.14.2.jar:?]
	at org.sqlite.core.DB.newSQLException(DB.java:930) ~[sqlite-jdbc-3.14.2.jar:?]
	at org.sqlite.core.DB.throwex(DB.java:895) ~[sqlite-jdbc-3.14.2.jar:?]
	at org.sqlite.core.NativeDB.prepare(Native Method) ~[sqlite-jdbc-3.14.2.jar:?]
	at org.sqlite.core.DB.prepare(DB.java:227) ~[sqlite-jdbc-3.14.2.jar:?]
	at org.sqlite.core.CorePreparedStatement.<init>(CorePreparedStatement.java:41) ~[sqlite-jdbc-3.14.2.jar:?]
	at org.sqlite.jdbc3.JDBC3PreparedStatement.<init>(JDBC3PreparedStatement.java:30) ~[sqlite-jdbc-3.14.2.jar:?]
	at org.sqlite.jdbc4.JDBC4PreparedStatement.<init>(JDBC4PreparedStatement.java:19) ~[sqlite-jdbc-3.14.2.jar:?]
	at org.sqlite.jdbc4.JDBC4Connection.prepareStatement(JDBC4Connection.java:48) ~[sqlite-jdbc-3.14.2.jar:?]
	at org.sqlite.jdbc3.JDBC3Connection.prepareStatement(JDBC3Connection.java:254) ~[sqlite-jdbc-3.14.2.jar:?]
	at org.sqlite.jdbc3.JDBC3Connection.prepareStatement(JDBC3Connection.java:226) ~[sqlite-jdbc-3.14.2.jar:?]
	at fr.natation.service.EleveService.update(EleveService.java:68) ~[bin/:?]
	... 52 more
2016-10-01 21:47:38.525 [main] DEBUG fr.natation.Launcher - Start
2016-10-01 21:47:42.139 [AWT-EventQueue-0] ERROR fr.natation.view.EleveTableModel - La mise à jour a échouée
java.lang.Exception: update(!fr.natation.model.Eleve
id: 1
nom: Bob
prenom: Leponge
) failed
	at fr.natation.service.EleveService.update(EleveService.java:76) ~[bin/:?]
	at fr.natation.view.EleveTableModel.setValueAt(EleveTableModel.java:81) [bin/:?]
	at javax.swing.JTable.setValueAt(Unknown Source) [?:1.7.0_15]
	at javax.swing.JTable.editingStopped(Unknown Source) [?:1.7.0_15]
	at javax.swing.AbstractCellEditor.fireEditingStopped(Unknown Source) [?:1.7.0_15]
	at fr.natation.view.ButtonColumn.actionPerformed(ButtonColumn.java:206) [bin/:?]
	at javax.swing.AbstractButton.fireActionPerformed(Unknown Source) [?:1.7.0_15]
	at javax.swing.AbstractButton$Handler.actionPerformed(Unknown Source) [?:1.7.0_15]
	at javax.swing.DefaultButtonModel.fireActionPerformed(Unknown Source) [?:1.7.0_15]
	at javax.swing.DefaultButtonModel.setPressed(Unknown Source) [?:1.7.0_15]
	at javax.swing.plaf.basic.BasicButtonListener.mouseReleased(Unknown Source) [?:1.7.0_15]
	at java.awt.Component.processMouseEvent(Unknown Source) [?:1.7.0_15]
	at javax.swing.JComponent.processMouseEvent(Unknown Source) [?:1.7.0_15]
	at java.awt.Component.processEvent(Unknown Source) [?:1.7.0_15]
	at java.awt.Container.processEvent(Unknown Source) [?:1.7.0_15]
	at java.awt.Component.dispatchEventImpl(Unknown Source) [?:1.7.0_15]
	at java.awt.Container.dispatchEventImpl(Unknown Source) [?:1.7.0_15]
	at java.awt.Component.dispatchEvent(Unknown Source) [?:1.7.0_15]
	at javax.swing.plaf.basic.BasicTableUI$Handler.repostEvent(Unknown Source) [?:1.7.0_15]
	at javax.swing.plaf.basic.BasicTableUI$Handler.mouseReleased(Unknown Source) [?:1.7.0_15]
	at java.awt.AWTEventMulticaster.mouseReleased(Unknown Source) [?:1.7.0_15]
	at java.awt.AWTEventMulticaster.mouseReleased(Unknown Source) [?:1.7.0_15]
	at java.awt.Component.processMouseEvent(Unknown Source) [?:1.7.0_15]
	at javax.swing.JComponent.processMouseEvent(Unknown Source) [?:1.7.0_15]
	at java.awt.Component.processEvent(Unknown Source) [?:1.7.0_15]
	at java.awt.Container.processEvent(Unknown Source) [?:1.7.0_15]
	at java.awt.Component.dispatchEventImpl(Unknown Source) [?:1.7.0_15]
	at java.awt.Container.dispatchEventImpl(Unknown Source) [?:1.7.0_15]
	at java.awt.Component.dispatchEvent(Unknown Source) [?:1.7.0_15]
	at java.awt.LightweightDispatcher.retargetMouseEvent(Unknown Source) [?:1.7.0_15]
	at java.awt.LightweightDispatcher.processMouseEvent(Unknown Source) [?:1.7.0_15]
	at java.awt.LightweightDispatcher.dispatchEvent(Unknown Source) [?:1.7.0_15]
	at java.awt.Container.dispatchEventImpl(Unknown Source) [?:1.7.0_15]
	at java.awt.Window.dispatchEventImpl(Unknown Source) [?:1.7.0_15]
	at java.awt.Component.dispatchEvent(Unknown Source) [?:1.7.0_15]
	at java.awt.EventQueue.dispatchEventImpl(Unknown Source) [?:1.7.0_15]
	at java.awt.EventQueue.access$200(Unknown Source) [?:1.7.0_15]
	at java.awt.EventQueue$3.run(Unknown Source) [?:1.7.0_15]
	at java.awt.EventQueue$3.run(Unknown Source) [?:1.7.0_15]
	at java.security.AccessController.doPrivileged(Native Method) ~[?:1.7.0_15]
	at java.security.ProtectionDomain$1.doIntersectionPrivilege(Unknown Source) [?:1.7.0_15]
	at java.security.ProtectionDomain$1.doIntersectionPrivilege(Unknown Source) [?:1.7.0_15]
	at java.awt.EventQueue$4.run(Unknown Source) [?:1.7.0_15]
	at java.awt.EventQueue$4.run(Unknown Source) [?:1.7.0_15]
	at java.security.AccessController.doPrivileged(Native Method) ~[?:1.7.0_15]
	at java.security.ProtectionDomain$1.doIntersectionPrivilege(Unknown Source) [?:1.7.0_15]
	at java.awt.EventQueue.dispatchEvent(Unknown Source) [?:1.7.0_15]
	at java.awt.EventDispatchThread.pumpOneEventForFilters(Unknown Source) [?:1.7.0_15]
	at java.awt.EventDispatchThread.pumpEventsForFilter(Unknown Source) [?:1.7.0_15]
	at java.awt.EventDispatchThread.pumpEventsForHierarchy(Unknown Source) [?:1.7.0_15]
	at java.awt.EventDispatchThread.pumpEvents(Unknown Source) [?:1.7.0_15]
	at java.awt.EventDispatchThread.pumpEvents(Unknown Source) [?:1.7.0_15]
	at java.awt.EventDispatchThread.run(Unknown Source) [?:1.7.0_15]
Caused by: org.sqlite.SQLiteException: [SQLITE_ERROR] SQL error or missing database (no such column: groupe)
	at org.sqlite.core.DB.newSQLException(DB.java:918) ~[sqlite-jdbc-3.14.2.jar:?]
	at org.sqlite.core.DB.newSQLException(DB.java:930) ~[sqlite-jdbc-3.14.2.jar:?]
	at org.sqlite.core.DB.throwex(DB.java:895) ~[sqlite-jdbc-3.14.2.jar:?]
	at org.sqlite.core.NativeDB.prepare(Native Method) ~[sqlite-jdbc-3.14.2.jar:?]
	at org.sqlite.core.DB.prepare(DB.java:227) ~[sqlite-jdbc-3.14.2.jar:?]
	at org.sqlite.core.CorePreparedStatement.<init>(CorePreparedStatement.java:41) ~[sqlite-jdbc-3.14.2.jar:?]
	at org.sqlite.jdbc3.JDBC3PreparedStatement.<init>(JDBC3PreparedStatement.java:30) ~[sqlite-jdbc-3.14.2.jar:?]
	at org.sqlite.jdbc4.JDBC4PreparedStatement.<init>(JDBC4PreparedStatement.java:19) ~[sqlite-jdbc-3.14.2.jar:?]
	at org.sqlite.jdbc4.JDBC4Connection.prepareStatement(JDBC4Connection.java:48) ~[sqlite-jdbc-3.14.2.jar:?]
	at org.sqlite.jdbc3.JDBC3Connection.prepareStatement(JDBC3Connection.java:254) ~[sqlite-jdbc-3.14.2.jar:?]
	at org.sqlite.jdbc3.JDBC3Connection.prepareStatement(JDBC3Connection.java:226) ~[sqlite-jdbc-3.14.2.jar:?]
	at fr.natation.service.EleveService.update(EleveService.java:68) ~[bin/:?]
	... 52 more
2016-10-01 21:49:14.697 [main] DEBUG fr.natation.Launcher - Start
2016-10-01 21:49:45.862 [main] DEBUG fr.natation.Launcher - Start
2016-10-01 21:52:20.543 [main] DEBUG fr.natation.Launcher - Start
2016-10-01 22:00:45.853 [main] DEBUG fr.natation.Launcher - Start
2016-10-01 22:01:30.429 [main] DEBUG fr.natation.Launcher - Start
2016-10-01 22:03:02.819 [main] DEBUG fr.natation.Launcher - Start
2016-10-01 22:03:34.058 [main] DEBUG fr.natation.Launcher - Start
2016-10-01 22:04:05.943 [main] DEBUG fr.natation.Launcher - Start
2016-10-01 22:04:10.152 [AWT-EventQueue-0] ERROR fr.natation.view.EleveTableModel - La mise à jour a échouée
java.lang.Exception: update(!fr.natation.model.Eleve
id: 1
nom: Bob
prenom: Leponge
) failed
	at fr.natation.service.EleveService.update(EleveService.java:76) ~[bin/:?]
	at fr.natation.view.EleveTableModel.setValueAt(EleveTableModel.java:97) [bin/:?]
	at javax.swing.JTable.setValueAt(Unknown Source) [?:1.7.0_15]
	at javax.swing.JTable.editingStopped(Unknown Source) [?:1.7.0_15]
	at javax.swing.AbstractCellEditor.fireEditingStopped(Unknown Source) [?:1.7.0_15]
	at fr.natation.view.ButtonColumn.actionPerformed(ButtonColumn.java:202) [bin/:?]
	at javax.swing.AbstractButton.fireActionPerformed(Unknown Source) [?:1.7.0_15]
	at javax.swing.AbstractButton$Handler.actionPerformed(Unknown Source) [?:1.7.0_15]
	at javax.swing.DefaultButtonModel.fireActionPerformed(Unknown Source) [?:1.7.0_15]
	at javax.swing.DefaultButtonModel.setPressed(Unknown Source) [?:1.7.0_15]
	at javax.swing.plaf.basic.BasicButtonListener.mouseReleased(Unknown Source) [?:1.7.0_15]
	at java.awt.Component.processMouseEvent(Unknown Source) [?:1.7.0_15]
	at javax.swing.JComponent.processMouseEvent(Unknown Source) [?:1.7.0_15]
	at java.awt.Component.processEvent(Unknown Source) [?:1.7.0_15]
	at java.awt.Container.processEvent(Unknown Source) [?:1.7.0_15]
	at java.awt.Component.dispatchEventImpl(Unknown Source) [?:1.7.0_15]
	at java.awt.Container.dispatchEventImpl(Unknown Source) [?:1.7.0_15]
	at java.awt.Component.dispatchEvent(Unknown Source) [?:1.7.0_15]
	at javax.swing.plaf.basic.BasicTableUI$Handler.repostEvent(Unknown Source) [?:1.7.0_15]
	at javax.swing.plaf.basic.BasicTableUI$Handler.mouseReleased(Unknown Source) [?:1.7.0_15]
	at java.awt.AWTEventMulticaster.mouseReleased(Unknown Source) [?:1.7.0_15]
	at java.awt.AWTEventMulticaster.mouseReleased(Unknown Source) [?:1.7.0_15]
	at java.awt.Component.processMouseEvent(Unknown Source) [?:1.7.0_15]
	at javax.swing.JComponent.processMouseEvent(Unknown Source) [?:1.7.0_15]
	at java.awt.Component.processEvent(Unknown Source) [?:1.7.0_15]
	at java.awt.Container.processEvent(Unknown Source) [?:1.7.0_15]
	at java.awt.Component.dispatchEventImpl(Unknown Source) [?:1.7.0_15]
	at java.awt.Container.dispatchEventImpl(Unknown Source) [?:1.7.0_15]
	at java.awt.Component.dispatchEvent(Unknown Source) [?:1.7.0_15]
	at java.awt.LightweightDispatcher.retargetMouseEvent(Unknown Source) [?:1.7.0_15]
	at java.awt.LightweightDispatcher.processMouseEvent(Unknown Source) [?:1.7.0_15]
	at java.awt.LightweightDispatcher.dispatchEvent(Unknown Source) [?:1.7.0_15]
	at java.awt.Container.dispatchEventImpl(Unknown Source) [?:1.7.0_15]
	at java.awt.Window.dispatchEventImpl(Unknown Source) [?:1.7.0_15]
	at java.awt.Component.dispatchEvent(Unknown Source) [?:1.7.0_15]
	at java.awt.EventQueue.dispatchEventImpl(Unknown Source) [?:1.7.0_15]
	at java.awt.EventQueue.access$200(Unknown Source) [?:1.7.0_15]
	at java.awt.EventQueue$3.run(Unknown Source) [?:1.7.0_15]
	at java.awt.EventQueue$3.run(Unknown Source) [?:1.7.0_15]
	at java.security.AccessController.doPrivileged(Native Method) ~[?:1.7.0_15]
	at java.security.ProtectionDomain$1.doIntersectionPrivilege(Unknown Source) [?:1.7.0_15]
	at java.security.ProtectionDomain$1.doIntersectionPrivilege(Unknown Source) [?:1.7.0_15]
	at java.awt.EventQueue$4.run(Unknown Source) [?:1.7.0_15]
	at java.awt.EventQueue$4.run(Unknown Source) [?:1.7.0_15]
	at java.security.AccessController.doPrivileged(Native Method) ~[?:1.7.0_15]
	at java.security.ProtectionDomain$1.doIntersectionPrivilege(Unknown Source) [?:1.7.0_15]
	at java.awt.EventQueue.dispatchEvent(Unknown Source) [?:1.7.0_15]
	at java.awt.EventDispatchThread.pumpOneEventForFilters(Unknown Source) [?:1.7.0_15]
	at java.awt.EventDispatchThread.pumpEventsForFilter(Unknown Source) [?:1.7.0_15]
	at java.awt.EventDispatchThread.pumpEventsForHierarchy(Unknown Source) [?:1.7.0_15]
	at java.awt.EventDispatchThread.pumpEvents(Unknown Source) [?:1.7.0_15]
	at java.awt.EventDispatchThread.pumpEvents(Unknown Source) [?:1.7.0_15]
	at java.awt.EventDispatchThread.run(Unknown Source) [?:1.7.0_15]
Caused by: org.sqlite.SQLiteException: [SQLITE_ERROR] SQL error or missing database (no such column: groupe)
	at org.sqlite.core.DB.newSQLException(DB.java:918) ~[sqlite-jdbc-3.14.2.jar:?]
	at org.sqlite.core.DB.newSQLException(DB.java:930) ~[sqlite-jdbc-3.14.2.jar:?]
	at org.sqlite.core.DB.throwex(DB.java:895) ~[sqlite-jdbc-3.14.2.jar:?]
	at org.sqlite.core.NativeDB.prepare(Native Method) ~[sqlite-jdbc-3.14.2.jar:?]
	at org.sqlite.core.DB.prepare(DB.java:227) ~[sqlite-jdbc-3.14.2.jar:?]
	at org.sqlite.core.CorePreparedStatement.<init>(CorePreparedStatement.java:41) ~[sqlite-jdbc-3.14.2.jar:?]
	at org.sqlite.jdbc3.JDBC3PreparedStatement.<init>(JDBC3PreparedStatement.java:30) ~[sqlite-jdbc-3.14.2.jar:?]
	at org.sqlite.jdbc4.JDBC4PreparedStatement.<init>(JDBC4PreparedStatement.java:19) ~[sqlite-jdbc-3.14.2.jar:?]
	at org.sqlite.jdbc4.JDBC4Connection.prepareStatement(JDBC4Connection.java:48) ~[sqlite-jdbc-3.14.2.jar:?]
	at org.sqlite.jdbc3.JDBC3Connection.prepareStatement(JDBC3Connection.java:254) ~[sqlite-jdbc-3.14.2.jar:?]
	at org.sqlite.jdbc3.JDBC3Connection.prepareStatement(JDBC3Connection.java:226) ~[sqlite-jdbc-3.14.2.jar:?]
	at fr.natation.service.EleveService.update(EleveService.java:68) ~[bin/:?]
	... 52 more
2016-10-01 22:04:12.601 [AWT-EventQueue-0] ERROR fr.natation.view.EleveTableModel - La mise à jour a échouée
java.lang.Exception: update(!fr.natation.model.Eleve
id: 1
nom: Bob
prenom: Leponge
) failed
	at fr.natation.service.EleveService.update(EleveService.java:76) ~[bin/:?]
	at fr.natation.view.EleveTableModel.setValueAt(EleveTableModel.java:97) [bin/:?]
	at javax.swing.JTable.setValueAt(Unknown Source) [?:1.7.0_15]
	at javax.swing.JTable.editingStopped(Unknown Source) [?:1.7.0_15]
	at javax.swing.AbstractCellEditor.fireEditingStopped(Unknown Source) [?:1.7.0_15]
	at fr.natation.view.ButtonColumn.actionPerformed(ButtonColumn.java:202) [bin/:?]
	at javax.swing.AbstractButton.fireActionPerformed(Unknown Source) [?:1.7.0_15]
	at javax.swing.AbstractButton$Handler.actionPerformed(Unknown Source) [?:1.7.0_15]
	at javax.swing.DefaultButtonModel.fireActionPerformed(Unknown Source) [?:1.7.0_15]
	at javax.swing.DefaultButtonModel.setPressed(Unknown Source) [?:1.7.0_15]
	at javax.swing.plaf.basic.BasicButtonListener.mouseReleased(Unknown Source) [?:1.7.0_15]
	at java.awt.Component.processMouseEvent(Unknown Source) [?:1.7.0_15]
	at javax.swing.JComponent.processMouseEvent(Unknown Source) [?:1.7.0_15]
	at java.awt.Component.processEvent(Unknown Source) [?:1.7.0_15]
	at java.awt.Container.processEvent(Unknown Source) [?:1.7.0_15]
	at java.awt.Component.dispatchEventImpl(Unknown Source) [?:1.7.0_15]
	at java.awt.Container.dispatchEventImpl(Unknown Source) [?:1.7.0_15]
	at java.awt.Component.dispatchEvent(Unknown Source) [?:1.7.0_15]
	at javax.swing.plaf.basic.BasicTableUI$Handler.repostEvent(Unknown Source) [?:1.7.0_15]
	at javax.swing.plaf.basic.BasicTableUI$Handler.mouseReleased(Unknown Source) [?:1.7.0_15]
	at java.awt.AWTEventMulticaster.mouseReleased(Unknown Source) [?:1.7.0_15]
	at java.awt.AWTEventMulticaster.mouseReleased(Unknown Source) [?:1.7.0_15]
	at java.awt.Component.processMouseEvent(Unknown Source) [?:1.7.0_15]
	at javax.swing.JComponent.processMouseEvent(Unknown Source) [?:1.7.0_15]
	at java.awt.Component.processEvent(Unknown Source) [?:1.7.0_15]
	at java.awt.Container.processEvent(Unknown Source) [?:1.7.0_15]
	at java.awt.Component.dispatchEventImpl(Unknown Source) [?:1.7.0_15]
	at java.awt.Container.dispatchEventImpl(Unknown Source) [?:1.7.0_15]
	at java.awt.Component.dispatchEvent(Unknown Source) [?:1.7.0_15]
	at java.awt.LightweightDispatcher.retargetMouseEvent(Unknown Source) [?:1.7.0_15]
	at java.awt.LightweightDispatcher.processMouseEvent(Unknown Source) [?:1.7.0_15]
	at java.awt.LightweightDispatcher.dispatchEvent(Unknown Source) [?:1.7.0_15]
	at java.awt.Container.dispatchEventImpl(Unknown Source) [?:1.7.0_15]
	at java.awt.Window.dispatchEventImpl(Unknown Source) [?:1.7.0_15]
	at java.awt.Component.dispatchEvent(Unknown Source) [?:1.7.0_15]
	at java.awt.EventQueue.dispatchEventImpl(Unknown Source) [?:1.7.0_15]
	at java.awt.EventQueue.access$200(Unknown Source) [?:1.7.0_15]
	at java.awt.EventQueue$3.run(Unknown Source) [?:1.7.0_15]
	at java.awt.EventQueue$3.run(Unknown Source) [?:1.7.0_15]
	at java.security.AccessController.doPrivileged(Native Method) ~[?:1.7.0_15]
	at java.security.ProtectionDomain$1.doIntersectionPrivilege(Unknown Source) [?:1.7.0_15]
	at java.security.ProtectionDomain$1.doIntersectionPrivilege(Unknown Source) [?:1.7.0_15]
	at java.awt.EventQueue$4.run(Unknown Source) [?:1.7.0_15]
	at java.awt.EventQueue$4.run(Unknown Source) [?:1.7.0_15]
	at java.security.AccessController.doPrivileged(Native Method) ~[?:1.7.0_15]
	at java.security.ProtectionDomain$1.doIntersectionPrivilege(Unknown Source) [?:1.7.0_15]
	at java.awt.EventQueue.dispatchEvent(Unknown Source) [?:1.7.0_15]
	at java.awt.EventDispatchThread.pumpOneEventForFilters(Unknown Source) [?:1.7.0_15]
	at java.awt.EventDispatchThread.pumpEventsForFilter(Unknown Source) [?:1.7.0_15]
	at java.awt.EventDispatchThread.pumpEventsForHierarchy(Unknown Source) [?:1.7.0_15]
	at java.awt.EventDispatchThread.pumpEvents(Unknown Source) [?:1.7.0_15]
	at java.awt.EventDispatchThread.pumpEvents(Unknown Source) [?:1.7.0_15]
	at java.awt.EventDispatchThread.run(Unknown Source) [?:1.7.0_15]
Caused by: org.sqlite.SQLiteException: [SQLITE_ERROR] SQL error or missing database (no such column: groupe)
	at org.sqlite.core.DB.newSQLException(DB.java:918) ~[sqlite-jdbc-3.14.2.jar:?]
	at org.sqlite.core.DB.newSQLException(DB.java:930) ~[sqlite-jdbc-3.14.2.jar:?]
	at org.sqlite.core.DB.throwex(DB.java:895) ~[sqlite-jdbc-3.14.2.jar:?]
	at org.sqlite.core.NativeDB.prepare(Native Method) ~[sqlite-jdbc-3.14.2.jar:?]
	at org.sqlite.core.DB.prepare(DB.java:227) ~[sqlite-jdbc-3.14.2.jar:?]
	at org.sqlite.core.CorePreparedStatement.<init>(CorePreparedStatement.java:41) ~[sqlite-jdbc-3.14.2.jar:?]
	at org.sqlite.jdbc3.JDBC3PreparedStatement.<init>(JDBC3PreparedStatement.java:30) ~[sqlite-jdbc-3.14.2.jar:?]
	at org.sqlite.jdbc4.JDBC4PreparedStatement.<init>(JDBC4PreparedStatement.java:19) ~[sqlite-jdbc-3.14.2.jar:?]
	at org.sqlite.jdbc4.JDBC4Connection.prepareStatement(JDBC4Connection.java:48) ~[sqlite-jdbc-3.14.2.jar:?]
	at org.sqlite.jdbc3.JDBC3Connection.prepareStatement(JDBC3Connection.java:254) ~[sqlite-jdbc-3.14.2.jar:?]
	at org.sqlite.jdbc3.JDBC3Connection.prepareStatement(JDBC3Connection.java:226) ~[sqlite-jdbc-3.14.2.jar:?]
	at fr.natation.service.EleveService.update(EleveService.java:68) ~[bin/:?]
	... 52 more
2016-10-01 22:05:21.852 [main] DEBUG fr.natation.Launcher - Start
2016-10-01 22:05:26.054 [AWT-EventQueue-0] ERROR fr.natation.view.EleveTableModel - La mise à jour a échouée
java.lang.Exception: update(!fr.natation.model.Eleve
id: 4
groupeId: 3
nom: "Ginguen\u00e9"
prenom: Alexandre
) failed
	at fr.natation.service.EleveService.update(EleveService.java:76) ~[bin/:?]
	at fr.natation.view.EleveTableModel.setValueAt(EleveTableModel.java:97) [bin/:?]
	at javax.swing.JTable.setValueAt(Unknown Source) [?:1.7.0_15]
	at javax.swing.JTable.editingStopped(Unknown Source) [?:1.7.0_15]
	at javax.swing.AbstractCellEditor.fireEditingStopped(Unknown Source) [?:1.7.0_15]
	at fr.natation.view.ButtonColumn.actionPerformed(ButtonColumn.java:202) [bin/:?]
	at javax.swing.AbstractButton.fireActionPerformed(Unknown Source) [?:1.7.0_15]
	at javax.swing.AbstractButton$Handler.actionPerformed(Unknown Source) [?:1.7.0_15]
	at javax.swing.DefaultButtonModel.fireActionPerformed(Unknown Source) [?:1.7.0_15]
	at javax.swing.DefaultButtonModel.setPressed(Unknown Source) [?:1.7.0_15]
	at javax.swing.plaf.basic.BasicButtonListener.mouseReleased(Unknown Source) [?:1.7.0_15]
	at java.awt.Component.processMouseEvent(Unknown Source) [?:1.7.0_15]
	at javax.swing.JComponent.processMouseEvent(Unknown Source) [?:1.7.0_15]
	at java.awt.Component.processEvent(Unknown Source) [?:1.7.0_15]
	at java.awt.Container.processEvent(Unknown Source) [?:1.7.0_15]
	at java.awt.Component.dispatchEventImpl(Unknown Source) [?:1.7.0_15]
	at java.awt.Container.dispatchEventImpl(Unknown Source) [?:1.7.0_15]
	at java.awt.Component.dispatchEvent(Unknown Source) [?:1.7.0_15]
	at javax.swing.plaf.basic.BasicTableUI$Handler.repostEvent(Unknown Source) [?:1.7.0_15]
	at javax.swing.plaf.basic.BasicTableUI$Handler.mouseReleased(Unknown Source) [?:1.7.0_15]
	at java.awt.AWTEventMulticaster.mouseReleased(Unknown Source) [?:1.7.0_15]
	at java.awt.AWTEventMulticaster.mouseReleased(Unknown Source) [?:1.7.0_15]
	at java.awt.Component.processMouseEvent(Unknown Source) [?:1.7.0_15]
	at javax.swing.JComponent.processMouseEvent(Unknown Source) [?:1.7.0_15]
	at java.awt.Component.processEvent(Unknown Source) [?:1.7.0_15]
	at java.awt.Container.processEvent(Unknown Source) [?:1.7.0_15]
	at java.awt.Component.dispatchEventImpl(Unknown Source) [?:1.7.0_15]
	at java.awt.Container.dispatchEventImpl(Unknown Source) [?:1.7.0_15]
	at java.awt.Component.dispatchEvent(Unknown Source) [?:1.7.0_15]
	at java.awt.LightweightDispatcher.retargetMouseEvent(Unknown Source) [?:1.7.0_15]
	at java.awt.LightweightDispatcher.processMouseEvent(Unknown Source) [?:1.7.0_15]
	at java.awt.LightweightDispatcher.dispatchEvent(Unknown Source) [?:1.7.0_15]
	at java.awt.Container.dispatchEventImpl(Unknown Source) [?:1.7.0_15]
	at java.awt.Window.dispatchEventImpl(Unknown Source) [?:1.7.0_15]
	at java.awt.Component.dispatchEvent(Unknown Source) [?:1.7.0_15]
	at java.awt.EventQueue.dispatchEventImpl(Unknown Source) [?:1.7.0_15]
	at java.awt.EventQueue.access$200(Unknown Source) [?:1.7.0_15]
	at java.awt.EventQueue$3.run(Unknown Source) [?:1.7.0_15]
	at java.awt.EventQueue$3.run(Unknown Source) [?:1.7.0_15]
	at java.security.AccessController.doPrivileged(Native Method) ~[?:1.7.0_15]
	at java.security.ProtectionDomain$1.doIntersectionPrivilege(Unknown Source) [?:1.7.0_15]
	at java.security.ProtectionDomain$1.doIntersectionPrivilege(Unknown Source) [?:1.7.0_15]
	at java.awt.EventQueue$4.run(Unknown Source) [?:1.7.0_15]
	at java.awt.EventQueue$4.run(Unknown Source) [?:1.7.0_15]
	at java.security.AccessController.doPrivileged(Native Method) ~[?:1.7.0_15]
	at java.security.ProtectionDomain$1.doIntersectionPrivilege(Unknown Source) [?:1.7.0_15]
	at java.awt.EventQueue.dispatchEvent(Unknown Source) [?:1.7.0_15]
	at java.awt.EventDispatchThread.pumpOneEventForFilters(Unknown Source) [?:1.7.0_15]
	at java.awt.EventDispatchThread.pumpEventsForFilter(Unknown Source) [?:1.7.0_15]
	at java.awt.EventDispatchThread.pumpEventsForHierarchy(Unknown Source) [?:1.7.0_15]
	at java.awt.EventDispatchThread.pumpEvents(Unknown Source) [?:1.7.0_15]
	at java.awt.EventDispatchThread.pumpEvents(Unknown Source) [?:1.7.0_15]
	at java.awt.EventDispatchThread.run(Unknown Source) [?:1.7.0_15]
Caused by: org.sqlite.SQLiteException: [SQLITE_ERROR] SQL error or missing database (no such column: groupe)
	at org.sqlite.core.DB.newSQLException(DB.java:918) ~[sqlite-jdbc-3.14.2.jar:?]
	at org.sqlite.core.DB.newSQLException(DB.java:930) ~[sqlite-jdbc-3.14.2.jar:?]
	at org.sqlite.core.DB.throwex(DB.java:895) ~[sqlite-jdbc-3.14.2.jar:?]
	at org.sqlite.core.NativeDB.prepare(Native Method) ~[sqlite-jdbc-3.14.2.jar:?]
	at org.sqlite.core.DB.prepare(DB.java:227) ~[sqlite-jdbc-3.14.2.jar:?]
	at org.sqlite.core.CorePreparedStatement.<init>(CorePreparedStatement.java:41) ~[sqlite-jdbc-3.14.2.jar:?]
	at org.sqlite.jdbc3.JDBC3PreparedStatement.<init>(JDBC3PreparedStatement.java:30) ~[sqlite-jdbc-3.14.2.jar:?]
	at org.sqlite.jdbc4.JDBC4PreparedStatement.<init>(JDBC4PreparedStatement.java:19) ~[sqlite-jdbc-3.14.2.jar:?]
	at org.sqlite.jdbc4.JDBC4Connection.prepareStatement(JDBC4Connection.java:48) ~[sqlite-jdbc-3.14.2.jar:?]
	at org.sqlite.jdbc3.JDBC3Connection.prepareStatement(JDBC3Connection.java:254) ~[sqlite-jdbc-3.14.2.jar:?]
	at org.sqlite.jdbc3.JDBC3Connection.prepareStatement(JDBC3Connection.java:226) ~[sqlite-jdbc-3.14.2.jar:?]
	at fr.natation.service.EleveService.update(EleveService.java:68) ~[bin/:?]
	... 52 more
2016-10-01 22:06:07.464 [main] DEBUG fr.natation.Launcher - Start
2016-10-01 22:10:59.165 [main] DEBUG fr.natation.Launcher - Start
2016-10-01 22:11:04.162 [AWT-EventQueue-0] ERROR fr.natation.view.EleveListPanel - La suppression a échouée
java.lang.Exception: delete(4) failed
	at fr.natation.service.EleveService.delete(EleveService.java:34) ~[bin/:?]
	at fr.natation.view.EleveListPanel$1.actionPerformed(EleveListPanel.java:49) [bin/:?]
	at fr.natation.view.ButtonColumn.actionPerformed(ButtonColumn.java:210) [bin/:?]
	at javax.swing.AbstractButton.fireActionPerformed(Unknown Source) [?:1.7.0_15]
	at javax.swing.AbstractButton$Handler.actionPerformed(Unknown Source) [?:1.7.0_15]
	at javax.swing.DefaultButtonModel.fireActionPerformed(Unknown Source) [?:1.7.0_15]
	at javax.swing.DefaultButtonModel.setPressed(Unknown Source) [?:1.7.0_15]
	at javax.swing.plaf.basic.BasicButtonListener.mouseReleased(Unknown Source) [?:1.7.0_15]
	at java.awt.Component.processMouseEvent(Unknown Source) [?:1.7.0_15]
	at javax.swing.JComponent.processMouseEvent(Unknown Source) [?:1.7.0_15]
	at java.awt.Component.processEvent(Unknown Source) [?:1.7.0_15]
	at java.awt.Container.processEvent(Unknown Source) [?:1.7.0_15]
	at java.awt.Component.dispatchEventImpl(Unknown Source) [?:1.7.0_15]
	at java.awt.Container.dispatchEventImpl(Unknown Source) [?:1.7.0_15]
	at java.awt.Component.dispatchEvent(Unknown Source) [?:1.7.0_15]
	at javax.swing.plaf.basic.BasicTableUI$Handler.repostEvent(Unknown Source) [?:1.7.0_15]
	at javax.swing.plaf.basic.BasicTableUI$Handler.mouseReleased(Unknown Source) [?:1.7.0_15]
	at java.awt.AWTEventMulticaster.mouseReleased(Unknown Source) [?:1.7.0_15]
	at java.awt.AWTEventMulticaster.mouseReleased(Unknown Source) [?:1.7.0_15]
	at java.awt.Component.processMouseEvent(Unknown Source) [?:1.7.0_15]
	at javax.swing.JComponent.processMouseEvent(Unknown Source) [?:1.7.0_15]
	at java.awt.Component.processEvent(Unknown Source) [?:1.7.0_15]
	at java.awt.Container.processEvent(Unknown Source) [?:1.7.0_15]
	at java.awt.Component.dispatchEventImpl(Unknown Source) [?:1.7.0_15]
	at java.awt.Container.dispatchEventImpl(Unknown Source) [?:1.7.0_15]
	at java.awt.Component.dispatchEvent(Unknown Source) [?:1.7.0_15]
	at java.awt.LightweightDispatcher.retargetMouseEvent(Unknown Source) [?:1.7.0_15]
	at java.awt.LightweightDispatcher.processMouseEvent(Unknown Source) [?:1.7.0_15]
	at java.awt.LightweightDispatcher.dispatchEvent(Unknown Source) [?:1.7.0_15]
	at java.awt.Container.dispatchEventImpl(Unknown Source) [?:1.7.0_15]
	at java.awt.Window.dispatchEventImpl(Unknown Source) [?:1.7.0_15]
	at java.awt.Component.dispatchEvent(Unknown Source) [?:1.7.0_15]
	at java.awt.EventQueue.dispatchEventImpl(Unknown Source) [?:1.7.0_15]
	at java.awt.EventQueue.access$200(Unknown Source) [?:1.7.0_15]
	at java.awt.EventQueue$3.run(Unknown Source) [?:1.7.0_15]
	at java.awt.EventQueue$3.run(Unknown Source) [?:1.7.0_15]
	at java.security.AccessController.doPrivileged(Native Method) ~[?:1.7.0_15]
	at java.security.ProtectionDomain$1.doIntersectionPrivilege(Unknown Source) [?:1.7.0_15]
	at java.security.ProtectionDomain$1.doIntersectionPrivilege(Unknown Source) [?:1.7.0_15]
	at java.awt.EventQueue$4.run(Unknown Source) [?:1.7.0_15]
	at java.awt.EventQueue$4.run(Unknown Source) [?:1.7.0_15]
	at java.security.AccessController.doPrivileged(Native Method) ~[?:1.7.0_15]
	at java.security.ProtectionDomain$1.doIntersectionPrivilege(Unknown Source) [?:1.7.0_15]
	at java.awt.EventQueue.dispatchEvent(Unknown Source) [?:1.7.0_15]
	at java.awt.EventDispatchThread.pumpOneEventForFilters(Unknown Source) [?:1.7.0_15]
	at java.awt.EventDispatchThread.pumpEventsForFilter(Unknown Source) [?:1.7.0_15]
	at java.awt.EventDispatchThread.pumpEventsForHierarchy(Unknown Source) [?:1.7.0_15]
	at java.awt.EventDispatchThread.pumpEvents(Unknown Source) [?:1.7.0_15]
	at java.awt.EventDispatchThread.pumpEvents(Unknown Source) [?:1.7.0_15]
	at java.awt.EventDispatchThread.run(Unknown Source) [?:1.7.0_15]
Caused by: org.sqlite.SQLiteException: [SQLITE_ERROR] SQL error or missing database (near "Eleve": syntax error)
	at org.sqlite.core.DB.newSQLException(DB.java:918) ~[sqlite-jdbc-3.14.2.jar:?]
	at org.sqlite.core.DB.newSQLException(DB.java:930) ~[sqlite-jdbc-3.14.2.jar:?]
	at org.sqlite.core.DB.throwex(DB.java:895) ~[sqlite-jdbc-3.14.2.jar:?]
	at org.sqlite.core.NativeDB.prepare(Native Method) ~[sqlite-jdbc-3.14.2.jar:?]
	at org.sqlite.core.DB.prepare(DB.java:227) ~[sqlite-jdbc-3.14.2.jar:?]
	at org.sqlite.core.CorePreparedStatement.<init>(CorePreparedStatement.java:41) ~[sqlite-jdbc-3.14.2.jar:?]
	at org.sqlite.jdbc3.JDBC3PreparedStatement.<init>(JDBC3PreparedStatement.java:30) ~[sqlite-jdbc-3.14.2.jar:?]
	at org.sqlite.jdbc4.JDBC4PreparedStatement.<init>(JDBC4PreparedStatement.java:19) ~[sqlite-jdbc-3.14.2.jar:?]
	at org.sqlite.jdbc4.JDBC4Connection.prepareStatement(JDBC4Connection.java:48) ~[sqlite-jdbc-3.14.2.jar:?]
	at org.sqlite.jdbc3.JDBC3Connection.prepareStatement(JDBC3Connection.java:254) ~[sqlite-jdbc-3.14.2.jar:?]
	at org.sqlite.jdbc3.JDBC3Connection.prepareStatement(JDBC3Connection.java:226) ~[sqlite-jdbc-3.14.2.jar:?]
	at fr.natation.service.EleveService.delete(EleveService.java:29) ~[bin/:?]
	... 49 more
2016-10-01 22:13:00.913 [main] DEBUG fr.natation.Launcher - Start
2016-10-01 22:15:29.812 [main] DEBUG fr.natation.Launcher - Start
2016-10-01 22:17:13.039 [main] DEBUG fr.natation.Launcher - Start
2016-10-01 22:22:21.854 [main] DEBUG fr.natation.Launcher - Start
2016-10-01 22:22:43.216 [main] DEBUG fr.natation.Launcher - Start
2016-10-01 22:29:29.498 [main] DEBUG fr.natation.Launcher - Start
2016-10-01 22:29:46.402 [main] DEBUG fr.natation.Launcher - Start
2016-10-01 22:31:01.705 [main] DEBUG fr.natation.Launcher - Start
2016-10-01 22:32:41.618 [main] DEBUG fr.natation.Launcher - Start
2016-10-01 22:40:36.443 [main] DEBUG fr.natation.Launcher - Start
2016-10-01 22:41:04.727 [main] DEBUG fr.natation.Launcher - Start
2016-10-01 22:41:46.515 [main] DEBUG fr.natation.Launcher - Start
2016-10-01 22:42:43.721 [main] DEBUG fr.natation.Launcher - Start
2016-10-01 22:44:15.408 [main] DEBUG fr.natation.Launcher - Start
2016-10-01 22:46:20.933 [main] DEBUG fr.natation.Launcher - Start
2016-10-01 22:47:35.233 [main] DEBUG fr.natation.Launcher - Start
2016-10-01 22:56:17.300 [main] DEBUG fr.natation.Launcher - Start
2016-10-01 22:56:38.039 [main] DEBUG fr.natation.Launcher - Start
2016-10-01 23:01:38.510 [main] DEBUG fr.natation.Launcher - Start
2016-10-01 23:02:55.378 [main] DEBUG fr.natation.Launcher - Start
2016-10-01 23:08:12.677 [main] DEBUG fr.natation.Launcher - Start
2016-10-01 23:08:32.936 [main] DEBUG fr.natation.Launcher - Start
2016-10-01 23:10:00.086 [main] DEBUG fr.natation.Launcher - Start
2016-10-01 23:10:17.365 [main] DEBUG fr.natation.Launcher - Start
2016-10-01 23:10:27.228 [main] DEBUG fr.natation.Launcher - Start
2016-10-01 23:11:43.670 [main] DEBUG fr.natation.Launcher - Start
2016-10-01 23:12:10.605 [main] DEBUG fr.natation.Launcher - Start
2016-10-01 23:13:20.497 [main] DEBUG fr.natation.Launcher - Start
2016-10-01 23:14:37.055 [main] DEBUG fr.natation.Launcher - Start
2016-10-02 09:27:31.228 [main] DEBUG fr.natation.Launcher - Start
